<?xml version="1.0" encoding="UTF-8"?>
<!-- Generated by org.testng.reporters.JUnitReportReporter -->
<testsuite hostname="LTIN217724" failures="0" tests="3" name="TestRunner.Runner" time="420.649" errors="0" timestamp="2024-02-29T17:41:55 IST" skipped="0">
  <testcase classname="TestRunner.Runner" name="runScenario" time="6.396"/>
  <system-out/>
  <testcase classname="TestRunner.Runner" name="runScenario" time="26.694"/>
  <system-out/>
  <testcase classname="TestRunner.Runner" name="runScenario" time="387.559"/>
  <system-out/>
</testsuite> <!-- TestRunner.Runner -->
